2025-08-20T02:00:08.201-04:00  INFO 1376 --- [mediscreen.practitioner-notes] [cluster-ClusterId{value='68a4b59c60ca7076a7dfb64e', description='null'}-localhost:27017] org.mongodb.driver.cluster               : Exception in monitor thread while connecting to server localhost:27017

com.mongodb.MongoSocketReadTimeoutException: Timeout while receiving message
	at com.mongodb.internal.connection.InternalStreamConnection.createReadTimeoutException(InternalStreamConnection.java:819) ~[mongodb-driver-core-5.5.1.jar:na]
	at com.mongodb.internal.connection.InternalStreamConnection.translateReadException(InternalStreamConnection.java:807) ~[mongodb-driver-core-5.5.1.jar:na]
	at com.mongodb.internal.connection.InternalStreamConnection.receiveResponseBuffers(InternalStreamConnection.java:857) ~[mongodb-driver-core-5.5.1.jar:na]
	at com.mongodb.internal.connection.InternalStreamConnection.receiveCommandMessageResponse(InternalStreamConnection.java:517) ~[mongodb-driver-core-5.5.1.jar:na]
	at com.mongodb.internal.connection.InternalStreamConnection.receive(InternalStreamConnection.java:469) ~[mongodb-driver-core-5.5.1.jar:na]
	at com.mongodb.internal.connection.DefaultServerMonitor$ServerMonitor.lookupServerDescription(DefaultServerMonitor.java:249) ~[mongodb-driver-core-5.5.1.jar:na]
	at com.mongodb.internal.connection.DefaultServerMonitor$ServerMonitor.run(DefaultServerMonitor.java:176) ~[mongodb-driver-core-5.5.1.jar:na]
Caused by: java.net.SocketTimeoutException: Read timed out
	at java.base/sun.nio.ch.NioSocketImpl.timedRead(NioSocketImpl.java:288) ~[na:na]
	at java.base/sun.nio.ch.NioSocketImpl.implRead(NioSocketImpl.java:314) ~[na:na]
	at java.base/sun.nio.ch.NioSocketImpl.read(NioSocketImpl.java:355) ~[na:na]
	at java.base/sun.nio.ch.NioSocketImpl$1.read(NioSocketImpl.java:808) ~[na:na]
	at java.base/java.net.Socket$SocketInputStream.read(Socket.java:966) ~[na:na]
	at com.mongodb.internal.connection.SocketStream.read(SocketStream.java:182) ~[mongodb-driver-core-5.5.1.jar:na]
	at com.mongodb.internal.connection.InternalStreamConnection.receiveResponseBuffers(InternalStreamConnection.java:824) ~[mongodb-driver-core-5.5.1.jar:na]
	... 4 common frames omitted

2025-08-20T02:00:10.655-04:00  INFO 1376 --- [mediscreen.practitioner-notes] [cluster-ClusterId{value='68a4b59c60ca7076a7dfb64e', description='null'}-localhost:27017] org.mongodb.driver.cluster               : Monitor thread successfully connected to server with description ServerDescription{address=localhost:27017, type=STANDALONE, cryptd=false, state=CONNECTED, ok=true, minWireVersion=0, maxWireVersion=25, maxDocumentSize=16777216, logicalSessionTimeoutMinutes=30, roundTripTimeNanos=1480535600, minRoundTripTimeNanos=0}
2025-08-20T09:02:53.202-04:00  INFO 1376 --- [mediscreen.practitioner-notes] [cluster-ClusterId{value='68a4b59c60ca7076a7dfb64e', description='null'}-localhost:27017] org.mongodb.driver.cluster               : Exception in monitor thread while connecting to server localhost:27017

com.mongodb.MongoSocketReadTimeoutException: Timeout while receiving message
	at com.mongodb.internal.connection.InternalStreamConnection.createReadTimeoutException(InternalStreamConnection.java:819) ~[mongodb-driver-core-5.5.1.jar:na]
	at com.mongodb.internal.connection.InternalStreamConnection.translateReadException(InternalStreamConnection.java:807) ~[mongodb-driver-core-5.5.1.jar:na]
	at com.mongodb.internal.connection.InternalStreamConnection.receiveResponseBuffers(InternalStreamConnection.java:857) ~[mongodb-driver-core-5.5.1.jar:na]
	at com.mongodb.internal.connection.InternalStreamConnection.receiveCommandMessageResponse(InternalStreamConnection.java:517) ~[mongodb-driver-core-5.5.1.jar:na]
	at com.mongodb.internal.connection.InternalStreamConnection.receive(InternalStreamConnection.java:469) ~[mongodb-driver-core-5.5.1.jar:na]
	at com.mongodb.internal.connection.DefaultServerMonitor$ServerMonitor.lookupServerDescription(DefaultServerMonitor.java:249) ~[mongodb-driver-core-5.5.1.jar:na]
	at com.mongodb.internal.connection.DefaultServerMonitor$ServerMonitor.run(DefaultServerMonitor.java:176) ~[mongodb-driver-core-5.5.1.jar:na]
Caused by: java.net.SocketTimeoutException: Read timed out
	at java.base/sun.nio.ch.NioSocketImpl.timedRead(NioSocketImpl.java:288) ~[na:na]
	at java.base/sun.nio.ch.NioSocketImpl.implRead(NioSocketImpl.java:314) ~[na:na]
	at java.base/sun.nio.ch.NioSocketImpl.read(NioSocketImpl.java:355) ~[na:na]
	at java.base/sun.nio.ch.NioSocketImpl$1.read(NioSocketImpl.java:808) ~[na:na]
	at java.base/java.net.Socket$SocketInputStream.read(Socket.java:966) ~[na:na]
	at com.mongodb.internal.connection.SocketStream.read(SocketStream.java:182) ~[mongodb-driver-core-5.5.1.jar:na]
	at com.mongodb.internal.connection.InternalStreamConnection.receiveResponseBuffers(InternalStreamConnection.java:824) ~[mongodb-driver-core-5.5.1.jar:na]
	... 4 common frames omitted

2025-08-20T09:02:54.350-04:00  INFO 1376 --- [mediscreen.practitioner-notes] [cluster-ClusterId{value='68a4b59c60ca7076a7dfb64e', description='null'}-localhost:27017] org.mongodb.driver.cluster               : Monitor thread successfully connected to server with description ServerDescription{address=localhost:27017, type=STANDALONE, cryptd=false, state=CONNECTED, ok=true, minWireVersion=0, maxWireVersion=25, maxDocumentSize=16777216, logicalSessionTimeoutMinutes=30, roundTripTimeNanos=1127534700, minRoundTripTimeNanos=0}
2025-08-20T12:46:30.567-04:00  INFO 1376 --- [mediscreen.practitioner-notes] [File Watcher] rtingClassPathChangeChangedEventListener : Restarting due to 1 class path change (0 additions, 0 deletions, 1 modification)
2025-08-20T12:46:30.624-04:00  INFO 1376 --- [mediscreen.practitioner-notes] [Thread-23] o.s.b.w.e.tomcat.GracefulShutdown        : Commencing graceful shutdown. Waiting for active requests to complete
2025-08-20T12:46:30.733-04:00  INFO 1376 --- [mediscreen.practitioner-notes] [tomcat-shutdown] o.s.b.w.e.tomcat.GracefulShutdown        : Graceful shutdown complete
2025-08-20T12:46:31.154-04:00  INFO 1376 --- [mediscreen.practitioner-notes] [restartedMain] c.m.practitioner_notes.Application       : Starting Application using Java 17.0.9 with PID 1376 (C:\Users\faiza\eclipse-workspace\healthcare-microservices\mediscreen.practitioner-notes\target\classes started by faiza in C:\Users\faiza\eclipse-workspace\healthcare-microservices\mediscreen.practitioner-notes)
2025-08-20T12:46:31.154-04:00  INFO 1376 --- [mediscreen.practitioner-notes] [restartedMain] c.m.practitioner_notes.Application       : No active profile set, falling back to 1 default profile: "default"
2025-08-20T12:46:31.553-04:00  INFO 1376 --- [mediscreen.practitioner-notes] [restartedMain] .s.d.r.c.RepositoryConfigurationDelegate : Bootstrapping Spring Data MongoDB repositories in DEFAULT mode.
2025-08-20T12:46:31.585-04:00  INFO 1376 --- [mediscreen.practitioner-notes] [restartedMain] .s.d.r.c.RepositoryConfigurationDelegate : Finished Spring Data repository scanning in 27 ms. Found 1 MongoDB repository interface.
2025-08-20T12:46:31.706-04:00  INFO 1376 --- [mediscreen.practitioner-notes] [restartedMain] o.s.b.w.embedded.tomcat.TomcatWebServer  : Tomcat initialized with port 9095 (http)
2025-08-20T12:46:31.706-04:00  INFO 1376 --- [mediscreen.practitioner-notes] [restartedMain] o.apache.catalina.core.StandardService   : Starting service [Tomcat]
2025-08-20T12:46:31.706-04:00  INFO 1376 --- [mediscreen.practitioner-notes] [restartedMain] o.apache.catalina.core.StandardEngine    : Starting Servlet engine: [Apache Tomcat/10.1.42]
2025-08-20T12:46:31.733-04:00  INFO 1376 --- [mediscreen.practitioner-notes] [restartedMain] o.a.c.c.C.[Tomcat].[localhost].[/]       : Initializing Spring embedded WebApplicationContext
2025-08-20T12:46:31.733-04:00  INFO 1376 --- [mediscreen.practitioner-notes] [restartedMain] w.s.c.ServletWebServerApplicationContext : Root WebApplicationContext: initialization completed in 575 ms
2025-08-20T12:46:31.787-04:00  INFO 1376 --- [mediscreen.practitioner-notes] [restartedMain] org.mongodb.driver.client                : MongoClient with metadata {"driver": {"name": "mongo-java-driver|sync|spring-boot", "version": "5.5.1"}, "os": {"type": "Windows", "name": "Windows 11", "architecture": "amd64", "version": "10.0"}, "platform": "Java/Oracle Corporation/17.0.9+11-LTS-201"} created with settings MongoClientSettings{readPreference=primary, writeConcern=WriteConcern{w=null, wTimeout=null ms, journal=null}, retryWrites=true, retryReads=true, readConcern=ReadConcern{level=null}, credential=null, transportSettings=null, commandListeners=[io.micrometer.core.instrument.binder.mongodb.MongoMetricsCommandListener@16b91f5b], codecRegistry=ProvidersCodecRegistry{codecProviders=[ValueCodecProvider{}, BsonValueCodecProvider{}, DBRefCodecProvider{}, DBObjectCodecProvider{}, DocumentCodecProvider{}, CollectionCodecProvider{}, IterableCodecProvider{}, MapCodecProvider{}, GeoJsonCodecProvider{}, GridFSFileCodecProvider{}, Jsr310CodecProvider{}, JsonObjectCodecProvider{}, BsonCodecProvider{}, EnumCodecProvider{}, com.mongodb.client.model.mql.ExpressionCodecProvider@2596a7af, com.mongodb.Jep395RecordCodecProvider@51f48550, com.mongodb.KotlinCodecProvider@584db3c4]}, loggerSettings=LoggerSettings{maxDocumentLength=1000}, clusterSettings={hosts=[localhost:27017], srvServiceName=mongodb, mode=SINGLE, requiredClusterType=UNKNOWN, requiredReplicaSetName='null', serverSelector='null', clusterListeners='[]', serverSelectionTimeout='30000 ms', localThreshold='15 ms'}, socketSettings=SocketSettings{connectTimeoutMS=10000, readTimeoutMS=0, receiveBufferSize=0, proxySettings=ProxySettings{host=null, port=null, username=null, password=null}}, heartbeatSocketSettings=SocketSettings{connectTimeoutMS=10000, readTimeoutMS=10000, receiveBufferSize=0, proxySettings=ProxySettings{host=null, port=null, username=null, password=null}}, connectionPoolSettings=ConnectionPoolSettings{maxSize=100, minSize=0, maxWaitTimeMS=120000, maxConnectionLifeTimeMS=0, maxConnectionIdleTimeMS=0, maintenanceInitialDelayMS=0, maintenanceFrequencyMS=60000, connectionPoolListeners=[io.micrometer.core.instrument.binder.mongodb.MongoMetricsConnectionPoolListener@7f7e7872], maxConnecting=2}, serverSettings=ServerSettings{heartbeatFrequencyMS=10000, minHeartbeatFrequencyMS=500, serverMonitoringMode=AUTO, serverListeners='[]', serverMonitorListeners='[]'}, sslSettings=SslSettings{enabled=false, invalidHostNameAllowed=false, context=null}, applicationName='null', compressorList=[], uuidRepresentation=JAVA_LEGACY, serverApi=null, autoEncryptionSettings=null, dnsClient=null, inetAddressResolver=null, contextProvider=null, timeoutMS=null}
2025-08-20T12:46:31.793-04:00  INFO 1376 --- [mediscreen.practitioner-notes] [cluster-ClusterId{value='68a5fbe760ca7076a7dfb64f', description='null'}-localhost:27017] org.mongodb.driver.cluster               : Monitor thread successfully connected to server with description ServerDescription{address=localhost:27017, type=STANDALONE, cryptd=false, state=CONNECTED, ok=true, minWireVersion=0, maxWireVersion=25, maxDocumentSize=16777216, logicalSessionTimeoutMinutes=30, roundTripTimeNanos=4166400, minRoundTripTimeNanos=0}
2025-08-20T12:46:31.806-04:00  WARN 1376 --- [mediscreen.practitioner-notes] [restartedMain] o.s.b.d.a.OptionalLiveReloadServer       : Unable to start LiveReload server
2025-08-20T12:46:31.980-04:00  INFO 1376 --- [mediscreen.practitioner-notes] [restartedMain] o.s.b.a.e.web.EndpointLinksResolver      : Exposing 14 endpoints beneath base path '/actuator'
2025-08-20T12:46:32.002-04:00  INFO 1376 --- [mediscreen.practitioner-notes] [restartedMain] o.s.b.w.embedded.tomcat.TomcatWebServer  : Tomcat started on port 9095 (http) with context path '/'
2025-08-20T12:46:32.008-04:00  INFO 1376 --- [mediscreen.practitioner-notes] [restartedMain] c.m.practitioner_notes.Application       : Started Application in 0.887 seconds (process running for 558981.212)
2025-08-20T12:46:32.010-04:00  INFO 1376 --- [mediscreen.practitioner-notes] [restartedMain] .ConditionEvaluationDeltaLoggingListener : Condition evaluation unchanged
2025-08-20T12:55:55.253-04:00  INFO 1376 --- [mediscreen.practitioner-notes] [File Watcher] rtingClassPathChangeChangedEventListener : Restarting due to 1 class path change (0 additions, 0 deletions, 1 modification)
2025-08-20T12:55:55.256-04:00  INFO 1376 --- [mediscreen.practitioner-notes] [Thread-27] o.s.b.w.e.tomcat.GracefulShutdown        : Commencing graceful shutdown. Waiting for active requests to complete
2025-08-20T12:55:55.317-04:00  INFO 1376 --- [mediscreen.practitioner-notes] [tomcat-shutdown] o.s.b.w.e.tomcat.GracefulShutdown        : Graceful shutdown complete
2025-08-20T12:55:55.406-04:00  INFO 1376 --- [mediscreen.practitioner-notes] [restartedMain] c.m.practitioner_notes.Application       : Starting Application using Java 17.0.9 with PID 1376 (C:\Users\faiza\eclipse-workspace\healthcare-microservices\mediscreen.practitioner-notes\target\classes started by faiza in C:\Users\faiza\eclipse-workspace\healthcare-microservices\mediscreen.practitioner-notes)
2025-08-20T12:55:55.406-04:00  INFO 1376 --- [mediscreen.practitioner-notes] [restartedMain] c.m.practitioner_notes.Application       : No active profile set, falling back to 1 default profile: "default"
2025-08-20T12:55:55.626-04:00  INFO 1376 --- [mediscreen.practitioner-notes] [restartedMain] .s.d.r.c.RepositoryConfigurationDelegate : Bootstrapping Spring Data MongoDB repositories in DEFAULT mode.
2025-08-20T12:55:55.639-04:00  INFO 1376 --- [mediscreen.practitioner-notes] [restartedMain] .s.d.r.c.RepositoryConfigurationDelegate : Finished Spring Data repository scanning in 11 ms. Found 1 MongoDB repository interface.
2025-08-20T12:55:55.690-04:00  INFO 1376 --- [mediscreen.practitioner-notes] [restartedMain] o.s.b.w.embedded.tomcat.TomcatWebServer  : Tomcat initialized with port 9095 (http)
2025-08-20T12:55:55.692-04:00  INFO 1376 --- [mediscreen.practitioner-notes] [restartedMain] o.apache.catalina.core.StandardService   : Starting service [Tomcat]
2025-08-20T12:55:55.692-04:00  INFO 1376 --- [mediscreen.practitioner-notes] [restartedMain] o.apache.catalina.core.StandardEngine    : Starting Servlet engine: [Apache Tomcat/10.1.42]
2025-08-20T12:55:55.721-04:00  INFO 1376 --- [mediscreen.practitioner-notes] [restartedMain] o.a.c.c.C.[Tomcat].[localhost].[/]       : Initializing Spring embedded WebApplicationContext
2025-08-20T12:55:55.721-04:00  INFO 1376 --- [mediscreen.practitioner-notes] [restartedMain] w.s.c.ServletWebServerApplicationContext : Root WebApplicationContext: initialization completed in 313 ms
2025-08-20T12:55:55.759-04:00  INFO 1376 --- [mediscreen.practitioner-notes] [restartedMain] org.mongodb.driver.client                : MongoClient with metadata {"driver": {"name": "mongo-java-driver|sync|spring-boot", "version": "5.5.1"}, "os": {"type": "Windows", "name": "Windows 11", "architecture": "amd64", "version": "10.0"}, "platform": "Java/Oracle Corporation/17.0.9+11-LTS-201"} created with settings MongoClientSettings{readPreference=primary, writeConcern=WriteConcern{w=null, wTimeout=null ms, journal=null}, retryWrites=true, retryReads=true, readConcern=ReadConcern{level=null}, credential=null, transportSettings=null, commandListeners=[io.micrometer.core.instrument.binder.mongodb.MongoMetricsCommandListener@55ec400a], codecRegistry=ProvidersCodecRegistry{codecProviders=[ValueCodecProvider{}, BsonValueCodecProvider{}, DBRefCodecProvider{}, DBObjectCodecProvider{}, DocumentCodecProvider{}, CollectionCodecProvider{}, IterableCodecProvider{}, MapCodecProvider{}, GeoJsonCodecProvider{}, GridFSFileCodecProvider{}, Jsr310CodecProvider{}, JsonObjectCodecProvider{}, BsonCodecProvider{}, EnumCodecProvider{}, com.mongodb.client.model.mql.ExpressionCodecProvider@2596a7af, com.mongodb.Jep395RecordCodecProvider@51f48550, com.mongodb.KotlinCodecProvider@584db3c4]}, loggerSettings=LoggerSettings{maxDocumentLength=1000}, clusterSettings={hosts=[localhost:27017], srvServiceName=mongodb, mode=SINGLE, requiredClusterType=UNKNOWN, requiredReplicaSetName='null', serverSelector='null', clusterListeners='[]', serverSelectionTimeout='30000 ms', localThreshold='15 ms'}, socketSettings=SocketSettings{connectTimeoutMS=10000, readTimeoutMS=0, receiveBufferSize=0, proxySettings=ProxySettings{host=null, port=null, username=null, password=null}}, heartbeatSocketSettings=SocketSettings{connectTimeoutMS=10000, readTimeoutMS=10000, receiveBufferSize=0, proxySettings=ProxySettings{host=null, port=null, username=null, password=null}}, connectionPoolSettings=ConnectionPoolSettings{maxSize=100, minSize=0, maxWaitTimeMS=120000, maxConnectionLifeTimeMS=0, maxConnectionIdleTimeMS=0, maintenanceInitialDelayMS=0, maintenanceFrequencyMS=60000, connectionPoolListeners=[io.micrometer.core.instrument.binder.mongodb.MongoMetricsConnectionPoolListener@610350f1], maxConnecting=2}, serverSettings=ServerSettings{heartbeatFrequencyMS=10000, minHeartbeatFrequencyMS=500, serverMonitoringMode=AUTO, serverListeners='[]', serverMonitorListeners='[]'}, sslSettings=SslSettings{enabled=false, invalidHostNameAllowed=false, context=null}, applicationName='null', compressorList=[], uuidRepresentation=JAVA_LEGACY, serverApi=null, autoEncryptionSettings=null, dnsClient=null, inetAddressResolver=null, contextProvider=null, timeoutMS=null}
2025-08-20T12:55:55.765-04:00  INFO 1376 --- [mediscreen.practitioner-notes] [cluster-ClusterId{value='68a5fe1b60ca7076a7dfb650', description='null'}-localhost:27017] org.mongodb.driver.cluster               : Monitor thread successfully connected to server with description ServerDescription{address=localhost:27017, type=STANDALONE, cryptd=false, state=CONNECTED, ok=true, minWireVersion=0, maxWireVersion=25, maxDocumentSize=16777216, logicalSessionTimeoutMinutes=30, roundTripTimeNanos=4662300, minRoundTripTimeNanos=0}
2025-08-20T12:55:55.772-04:00  WARN 1376 --- [mediscreen.practitioner-notes] [restartedMain] o.s.b.d.a.OptionalLiveReloadServer       : Unable to start LiveReload server
2025-08-20T12:55:55.877-04:00  INFO 1376 --- [mediscreen.practitioner-notes] [restartedMain] o.s.b.a.e.web.EndpointLinksResolver      : Exposing 14 endpoints beneath base path '/actuator'
2025-08-20T12:55:55.893-04:00  INFO 1376 --- [mediscreen.practitioner-notes] [restartedMain] o.s.b.w.embedded.tomcat.TomcatWebServer  : Tomcat started on port 9095 (http) with context path '/'
2025-08-20T12:55:55.900-04:00  INFO 1376 --- [mediscreen.practitioner-notes] [restartedMain] c.m.practitioner_notes.Application       : Started Application in 0.518 seconds (process running for 559545.103)
2025-08-20T12:55:55.902-04:00  INFO 1376 --- [mediscreen.practitioner-notes] [restartedMain] .ConditionEvaluationDeltaLoggingListener : Condition evaluation unchanged
2025-08-20T13:34:36.205-04:00  INFO 1376 --- [mediscreen.practitioner-notes] [File Watcher] rtingClassPathChangeChangedEventListener : Restarting due to 1 class path change (0 additions, 0 deletions, 1 modification)
2025-08-20T13:34:36.222-04:00  INFO 1376 --- [mediscreen.practitioner-notes] [Thread-31] o.s.b.w.e.tomcat.GracefulShutdown        : Commencing graceful shutdown. Waiting for active requests to complete
2025-08-20T13:34:36.291-04:00  INFO 1376 --- [mediscreen.practitioner-notes] [tomcat-shutdown] o.s.b.w.e.tomcat.GracefulShutdown        : Graceful shutdown complete
2025-08-20T13:34:36.450-04:00  INFO 1376 --- [mediscreen.practitioner-notes] [restartedMain] c.m.practitioner_notes.Application       : Starting Application using Java 17.0.9 with PID 1376 (C:\Users\faiza\eclipse-workspace\healthcare-microservices\mediscreen.practitioner-notes\target\classes started by faiza in C:\Users\faiza\eclipse-workspace\healthcare-microservices\mediscreen.practitioner-notes)
2025-08-20T13:34:36.450-04:00  INFO 1376 --- [mediscreen.practitioner-notes] [restartedMain] c.m.practitioner_notes.Application       : No active profile set, falling back to 1 default profile: "default"
2025-08-20T13:34:36.755-04:00  INFO 1376 --- [mediscreen.practitioner-notes] [restartedMain] .s.d.r.c.RepositoryConfigurationDelegate : Bootstrapping Spring Data MongoDB repositories in DEFAULT mode.
2025-08-20T13:34:36.775-04:00  INFO 1376 --- [mediscreen.practitioner-notes] [restartedMain] .s.d.r.c.RepositoryConfigurationDelegate : Finished Spring Data repository scanning in 19 ms. Found 1 MongoDB repository interface.
2025-08-20T13:34:36.869-04:00  INFO 1376 --- [mediscreen.practitioner-notes] [restartedMain] o.s.b.w.embedded.tomcat.TomcatWebServer  : Tomcat initialized with port 9095 (http)
2025-08-20T13:34:36.870-04:00  INFO 1376 --- [mediscreen.practitioner-notes] [restartedMain] o.apache.catalina.core.StandardService   : Starting service [Tomcat]
2025-08-20T13:34:36.870-04:00  INFO 1376 --- [mediscreen.practitioner-notes] [restartedMain] o.apache.catalina.core.StandardEngine    : Starting Servlet engine: [Apache Tomcat/10.1.42]
2025-08-20T13:34:36.892-04:00  INFO 1376 --- [mediscreen.practitioner-notes] [restartedMain] o.a.c.c.C.[Tomcat].[localhost].[/]       : Initializing Spring embedded WebApplicationContext
2025-08-20T13:34:36.892-04:00  INFO 1376 --- [mediscreen.practitioner-notes] [restartedMain] w.s.c.ServletWebServerApplicationContext : Root WebApplicationContext: initialization completed in 439 ms
2025-08-20T13:34:36.936-04:00  INFO 1376 --- [mediscreen.practitioner-notes] [restartedMain] org.mongodb.driver.client                : MongoClient with metadata {"driver": {"name": "mongo-java-driver|sync|spring-boot", "version": "5.5.1"}, "os": {"type": "Windows", "name": "Windows 11", "architecture": "amd64", "version": "10.0"}, "platform": "Java/Oracle Corporation/17.0.9+11-LTS-201"} created with settings MongoClientSettings{readPreference=primary, writeConcern=WriteConcern{w=null, wTimeout=null ms, journal=null}, retryWrites=true, retryReads=true, readConcern=ReadConcern{level=null}, credential=null, transportSettings=null, commandListeners=[io.micrometer.core.instrument.binder.mongodb.MongoMetricsCommandListener@501a0274], codecRegistry=ProvidersCodecRegistry{codecProviders=[ValueCodecProvider{}, BsonValueCodecProvider{}, DBRefCodecProvider{}, DBObjectCodecProvider{}, DocumentCodecProvider{}, CollectionCodecProvider{}, IterableCodecProvider{}, MapCodecProvider{}, GeoJsonCodecProvider{}, GridFSFileCodecProvider{}, Jsr310CodecProvider{}, JsonObjectCodecProvider{}, BsonCodecProvider{}, EnumCodecProvider{}, com.mongodb.client.model.mql.ExpressionCodecProvider@2596a7af, com.mongodb.Jep395RecordCodecProvider@51f48550, com.mongodb.KotlinCodecProvider@584db3c4]}, loggerSettings=LoggerSettings{maxDocumentLength=1000}, clusterSettings={hosts=[localhost:27017], srvServiceName=mongodb, mode=SINGLE, requiredClusterType=UNKNOWN, requiredReplicaSetName='null', serverSelector='null', clusterListeners='[]', serverSelectionTimeout='30000 ms', localThreshold='15 ms'}, socketSettings=SocketSettings{connectTimeoutMS=10000, readTimeoutMS=0, receiveBufferSize=0, proxySettings=ProxySettings{host=null, port=null, username=null, password=null}}, heartbeatSocketSettings=SocketSettings{connectTimeoutMS=10000, readTimeoutMS=10000, receiveBufferSize=0, proxySettings=ProxySettings{host=null, port=null, username=null, password=null}}, connectionPoolSettings=ConnectionPoolSettings{maxSize=100, minSize=0, maxWaitTimeMS=120000, maxConnectionLifeTimeMS=0, maxConnectionIdleTimeMS=0, maintenanceInitialDelayMS=0, maintenanceFrequencyMS=60000, connectionPoolListeners=[io.micrometer.core.instrument.binder.mongodb.MongoMetricsConnectionPoolListener@438aaeee], maxConnecting=2}, serverSettings=ServerSettings{heartbeatFrequencyMS=10000, minHeartbeatFrequencyMS=500, serverMonitoringMode=AUTO, serverListeners='[]', serverMonitorListeners='[]'}, sslSettings=SslSettings{enabled=false, invalidHostNameAllowed=false, context=null}, applicationName='null', compressorList=[], uuidRepresentation=JAVA_LEGACY, serverApi=null, autoEncryptionSettings=null, dnsClient=null, inetAddressResolver=null, contextProvider=null, timeoutMS=null}
2025-08-20T13:34:36.945-04:00  INFO 1376 --- [mediscreen.practitioner-notes] [cluster-ClusterId{value='68a6072c60ca7076a7dfb651', description='null'}-localhost:27017] org.mongodb.driver.cluster               : Monitor thread successfully connected to server with description ServerDescription{address=localhost:27017, type=STANDALONE, cryptd=false, state=CONNECTED, ok=true, minWireVersion=0, maxWireVersion=25, maxDocumentSize=16777216, logicalSessionTimeoutMinutes=30, roundTripTimeNanos=7598900, minRoundTripTimeNanos=0}
2025-08-20T13:34:36.952-04:00  WARN 1376 --- [mediscreen.practitioner-notes] [restartedMain] o.s.b.d.a.OptionalLiveReloadServer       : Unable to start LiveReload server
2025-08-20T13:34:37.082-04:00  INFO 1376 --- [mediscreen.practitioner-notes] [restartedMain] o.s.b.a.e.web.EndpointLinksResolver      : Exposing 14 endpoints beneath base path '/actuator'
2025-08-20T13:34:37.096-04:00  INFO 1376 --- [mediscreen.practitioner-notes] [restartedMain] o.s.b.w.embedded.tomcat.TomcatWebServer  : Tomcat started on port 9095 (http) with context path '/'
2025-08-20T13:34:37.101-04:00  INFO 1376 --- [mediscreen.practitioner-notes] [restartedMain] c.m.practitioner_notes.Application       : Started Application in 0.68 seconds (process running for 561866.305)
2025-08-20T13:34:37.103-04:00  INFO 1376 --- [mediscreen.practitioner-notes] [restartedMain] .ConditionEvaluationDeltaLoggingListener : Condition evaluation unchanged
2025-08-20T13:49:12.567-04:00  INFO 1376 --- [mediscreen.practitioner-notes] [File Watcher] rtingClassPathChangeChangedEventListener : Restarting due to 1 class path change (0 additions, 0 deletions, 1 modification)
2025-08-20T13:49:12.570-04:00  INFO 1376 --- [mediscreen.practitioner-notes] [Thread-35] o.s.b.w.e.tomcat.GracefulShutdown        : Commencing graceful shutdown. Waiting for active requests to complete
2025-08-20T13:49:12.645-04:00  INFO 1376 --- [mediscreen.practitioner-notes] [tomcat-shutdown] o.s.b.w.e.tomcat.GracefulShutdown        : Graceful shutdown complete
2025-08-20T13:49:12.734-04:00  INFO 1376 --- [mediscreen.practitioner-notes] [restartedMain] c.m.practitioner_notes.Application       : Starting Application using Java 17.0.9 with PID 1376 (C:\Users\faiza\eclipse-workspace\healthcare-microservices\mediscreen.practitioner-notes\target\classes started by faiza in C:\Users\faiza\eclipse-workspace\healthcare-microservices\mediscreen.practitioner-notes)
2025-08-20T13:49:12.734-04:00  INFO 1376 --- [mediscreen.practitioner-notes] [restartedMain] c.m.practitioner_notes.Application       : No active profile set, falling back to 1 default profile: "default"
2025-08-20T13:49:12.951-04:00  INFO 1376 --- [mediscreen.practitioner-notes] [restartedMain] .s.d.r.c.RepositoryConfigurationDelegate : Bootstrapping Spring Data MongoDB repositories in DEFAULT mode.
2025-08-20T13:49:12.965-04:00  INFO 1376 --- [mediscreen.practitioner-notes] [restartedMain] .s.d.r.c.RepositoryConfigurationDelegate : Finished Spring Data repository scanning in 12 ms. Found 1 MongoDB repository interface.
2025-08-20T13:49:13.017-04:00  INFO 1376 --- [mediscreen.practitioner-notes] [restartedMain] o.s.b.w.embedded.tomcat.TomcatWebServer  : Tomcat initialized with port 9095 (http)
2025-08-20T13:49:13.017-04:00  INFO 1376 --- [mediscreen.practitioner-notes] [restartedMain] o.apache.catalina.core.StandardService   : Starting service [Tomcat]
2025-08-20T13:49:13.018-04:00  INFO 1376 --- [mediscreen.practitioner-notes] [restartedMain] o.apache.catalina.core.StandardEngine    : Starting Servlet engine: [Apache Tomcat/10.1.42]
2025-08-20T13:49:13.041-04:00  INFO 1376 --- [mediscreen.practitioner-notes] [restartedMain] o.a.c.c.C.[Tomcat].[localhost].[/]       : Initializing Spring embedded WebApplicationContext
2025-08-20T13:49:13.041-04:00  INFO 1376 --- [mediscreen.practitioner-notes] [restartedMain] w.s.c.ServletWebServerApplicationContext : Root WebApplicationContext: initialization completed in 305 ms
2025-08-20T13:49:13.075-04:00  INFO 1376 --- [mediscreen.practitioner-notes] [restartedMain] org.mongodb.driver.client                : MongoClient with metadata {"driver": {"name": "mongo-java-driver|sync|spring-boot", "version": "5.5.1"}, "os": {"type": "Windows", "name": "Windows 11", "architecture": "amd64", "version": "10.0"}, "platform": "Java/Oracle Corporation/17.0.9+11-LTS-201"} created with settings MongoClientSettings{readPreference=primary, writeConcern=WriteConcern{w=null, wTimeout=null ms, journal=null}, retryWrites=true, retryReads=true, readConcern=ReadConcern{level=null}, credential=null, transportSettings=null, commandListeners=[io.micrometer.core.instrument.binder.mongodb.MongoMetricsCommandListener@592b731f], codecRegistry=ProvidersCodecRegistry{codecProviders=[ValueCodecProvider{}, BsonValueCodecProvider{}, DBRefCodecProvider{}, DBObjectCodecProvider{}, DocumentCodecProvider{}, CollectionCodecProvider{}, IterableCodecProvider{}, MapCodecProvider{}, GeoJsonCodecProvider{}, GridFSFileCodecProvider{}, Jsr310CodecProvider{}, JsonObjectCodecProvider{}, BsonCodecProvider{}, EnumCodecProvider{}, com.mongodb.client.model.mql.ExpressionCodecProvider@2596a7af, com.mongodb.Jep395RecordCodecProvider@51f48550, com.mongodb.KotlinCodecProvider@584db3c4]}, loggerSettings=LoggerSettings{maxDocumentLength=1000}, clusterSettings={hosts=[localhost:27017], srvServiceName=mongodb, mode=SINGLE, requiredClusterType=UNKNOWN, requiredReplicaSetName='null', serverSelector='null', clusterListeners='[]', serverSelectionTimeout='30000 ms', localThreshold='15 ms'}, socketSettings=SocketSettings{connectTimeoutMS=10000, readTimeoutMS=0, receiveBufferSize=0, proxySettings=ProxySettings{host=null, port=null, username=null, password=null}}, heartbeatSocketSettings=SocketSettings{connectTimeoutMS=10000, readTimeoutMS=10000, receiveBufferSize=0, proxySettings=ProxySettings{host=null, port=null, username=null, password=null}}, connectionPoolSettings=ConnectionPoolSettings{maxSize=100, minSize=0, maxWaitTimeMS=120000, maxConnectionLifeTimeMS=0, maxConnectionIdleTimeMS=0, maintenanceInitialDelayMS=0, maintenanceFrequencyMS=60000, connectionPoolListeners=[io.micrometer.core.instrument.binder.mongodb.MongoMetricsConnectionPoolListener@6c14372b], maxConnecting=2}, serverSettings=ServerSettings{heartbeatFrequencyMS=10000, minHeartbeatFrequencyMS=500, serverMonitoringMode=AUTO, serverListeners='[]', serverMonitorListeners='[]'}, sslSettings=SslSettings{enabled=false, invalidHostNameAllowed=false, context=null}, applicationName='null', compressorList=[], uuidRepresentation=JAVA_LEGACY, serverApi=null, autoEncryptionSettings=null, dnsClient=null, inetAddressResolver=null, contextProvider=null, timeoutMS=null}
2025-08-20T13:49:13.082-04:00  INFO 1376 --- [mediscreen.practitioner-notes] [cluster-ClusterId{value='68a60a9960ca7076a7dfb652', description='null'}-localhost:27017] org.mongodb.driver.cluster               : Monitor thread successfully connected to server with description ServerDescription{address=localhost:27017, type=STANDALONE, cryptd=false, state=CONNECTED, ok=true, minWireVersion=0, maxWireVersion=25, maxDocumentSize=16777216, logicalSessionTimeoutMinutes=30, roundTripTimeNanos=5969300, minRoundTripTimeNanos=0}
2025-08-20T13:49:13.089-04:00  WARN 1376 --- [mediscreen.practitioner-notes] [restartedMain] o.s.b.d.a.OptionalLiveReloadServer       : Unable to start LiveReload server
2025-08-20T13:49:13.217-04:00  INFO 1376 --- [mediscreen.practitioner-notes] [restartedMain] o.s.b.a.e.web.EndpointLinksResolver      : Exposing 14 endpoints beneath base path '/actuator'
2025-08-20T13:49:13.240-04:00  INFO 1376 --- [mediscreen.practitioner-notes] [restartedMain] o.s.b.w.embedded.tomcat.TomcatWebServer  : Tomcat started on port 9095 (http) with context path '/'
2025-08-20T13:49:13.246-04:00  INFO 1376 --- [mediscreen.practitioner-notes] [restartedMain] c.m.practitioner_notes.Application       : Started Application in 0.538 seconds (process running for 562742.449)
2025-08-20T13:49:13.247-04:00  INFO 1376 --- [mediscreen.practitioner-notes] [restartedMain] .ConditionEvaluationDeltaLoggingListener : Condition evaluation unchanged
2025-08-20T13:53:57.172-04:00  INFO 1376 --- [mediscreen.practitioner-notes] [File Watcher] rtingClassPathChangeChangedEventListener : Restarting due to 1 class path change (0 additions, 0 deletions, 1 modification)
2025-08-20T13:53:57.174-04:00  INFO 1376 --- [mediscreen.practitioner-notes] [Thread-39] o.s.b.w.e.tomcat.GracefulShutdown        : Commencing graceful shutdown. Waiting for active requests to complete
2025-08-20T13:53:57.241-04:00  INFO 1376 --- [mediscreen.practitioner-notes] [tomcat-shutdown] o.s.b.w.e.tomcat.GracefulShutdown        : Graceful shutdown complete
2025-08-20T13:53:57.358-04:00  INFO 1376 --- [mediscreen.practitioner-notes] [restartedMain] c.m.practitioner_notes.Application       : Starting Application using Java 17.0.9 with PID 1376 (C:\Users\faiza\eclipse-workspace\healthcare-microservices\mediscreen.practitioner-notes\target\classes started by faiza in C:\Users\faiza\eclipse-workspace\healthcare-microservices\mediscreen.practitioner-notes)
2025-08-20T13:53:57.358-04:00  INFO 1376 --- [mediscreen.practitioner-notes] [restartedMain] c.m.practitioner_notes.Application       : No active profile set, falling back to 1 default profile: "default"
2025-08-20T13:53:57.581-04:00  INFO 1376 --- [mediscreen.practitioner-notes] [restartedMain] .s.d.r.c.RepositoryConfigurationDelegate : Bootstrapping Spring Data MongoDB repositories in DEFAULT mode.
2025-08-20T13:53:57.591-04:00  INFO 1376 --- [mediscreen.practitioner-notes] [restartedMain] .s.d.r.c.RepositoryConfigurationDelegate : Finished Spring Data repository scanning in 9 ms. Found 1 MongoDB repository interface.
2025-08-20T13:53:57.638-04:00  INFO 1376 --- [mediscreen.practitioner-notes] [restartedMain] o.s.b.w.embedded.tomcat.TomcatWebServer  : Tomcat initialized with port 9095 (http)
2025-08-20T13:53:57.639-04:00  INFO 1376 --- [mediscreen.practitioner-notes] [restartedMain] o.apache.catalina.core.StandardService   : Starting service [Tomcat]
2025-08-20T13:53:57.640-04:00  INFO 1376 --- [mediscreen.practitioner-notes] [restartedMain] o.apache.catalina.core.StandardEngine    : Starting Servlet engine: [Apache Tomcat/10.1.42]
2025-08-20T13:53:57.661-04:00  INFO 1376 --- [mediscreen.practitioner-notes] [restartedMain] o.a.c.c.C.[Tomcat].[localhost].[/]       : Initializing Spring embedded WebApplicationContext
2025-08-20T13:53:57.661-04:00  INFO 1376 --- [mediscreen.practitioner-notes] [restartedMain] w.s.c.ServletWebServerApplicationContext : Root WebApplicationContext: initialization completed in 300 ms
2025-08-20T13:53:57.703-04:00  INFO 1376 --- [mediscreen.practitioner-notes] [restartedMain] org.mongodb.driver.client                : MongoClient with metadata {"driver": {"name": "mongo-java-driver|sync|spring-boot", "version": "5.5.1"}, "os": {"type": "Windows", "name": "Windows 11", "architecture": "amd64", "version": "10.0"}, "platform": "Java/Oracle Corporation/17.0.9+11-LTS-201"} created with settings MongoClientSettings{readPreference=primary, writeConcern=WriteConcern{w=null, wTimeout=null ms, journal=null}, retryWrites=true, retryReads=true, readConcern=ReadConcern{level=null}, credential=null, transportSettings=null, commandListeners=[io.micrometer.core.instrument.binder.mongodb.MongoMetricsCommandListener@2e316336], codecRegistry=ProvidersCodecRegistry{codecProviders=[ValueCodecProvider{}, BsonValueCodecProvider{}, DBRefCodecProvider{}, DBObjectCodecProvider{}, DocumentCodecProvider{}, CollectionCodecProvider{}, IterableCodecProvider{}, MapCodecProvider{}, GeoJsonCodecProvider{}, GridFSFileCodecProvider{}, Jsr310CodecProvider{}, JsonObjectCodecProvider{}, BsonCodecProvider{}, EnumCodecProvider{}, com.mongodb.client.model.mql.ExpressionCodecProvider@2596a7af, com.mongodb.Jep395RecordCodecProvider@51f48550, com.mongodb.KotlinCodecProvider@584db3c4]}, loggerSettings=LoggerSettings{maxDocumentLength=1000}, clusterSettings={hosts=[localhost:27017], srvServiceName=mongodb, mode=SINGLE, requiredClusterType=UNKNOWN, requiredReplicaSetName='null', serverSelector='null', clusterListeners='[]', serverSelectionTimeout='30000 ms', localThreshold='15 ms'}, socketSettings=SocketSettings{connectTimeoutMS=10000, readTimeoutMS=0, receiveBufferSize=0, proxySettings=ProxySettings{host=null, port=null, username=null, password=null}}, heartbeatSocketSettings=SocketSettings{connectTimeoutMS=10000, readTimeoutMS=10000, receiveBufferSize=0, proxySettings=ProxySettings{host=null, port=null, username=null, password=null}}, connectionPoolSettings=ConnectionPoolSettings{maxSize=100, minSize=0, maxWaitTimeMS=120000, maxConnectionLifeTimeMS=0, maxConnectionIdleTimeMS=0, maintenanceInitialDelayMS=0, maintenanceFrequencyMS=60000, connectionPoolListeners=[io.micrometer.core.instrument.binder.mongodb.MongoMetricsConnectionPoolListener@685be266], maxConnecting=2}, serverSettings=ServerSettings{heartbeatFrequencyMS=10000, minHeartbeatFrequencyMS=500, serverMonitoringMode=AUTO, serverListeners='[]', serverMonitorListeners='[]'}, sslSettings=SslSettings{enabled=false, invalidHostNameAllowed=false, context=null}, applicationName='null', compressorList=[], uuidRepresentation=JAVA_LEGACY, serverApi=null, autoEncryptionSettings=null, dnsClient=null, inetAddressResolver=null, contextProvider=null, timeoutMS=null}
2025-08-20T13:53:57.709-04:00  INFO 1376 --- [mediscreen.practitioner-notes] [cluster-ClusterId{value='68a60bb560ca7076a7dfb653', description='null'}-localhost:27017] org.mongodb.driver.cluster               : Monitor thread successfully connected to server with description ServerDescription{address=localhost:27017, type=STANDALONE, cryptd=false, state=CONNECTED, ok=true, minWireVersion=0, maxWireVersion=25, maxDocumentSize=16777216, logicalSessionTimeoutMinutes=30, roundTripTimeNanos=4169900, minRoundTripTimeNanos=0}
2025-08-20T13:53:57.718-04:00  WARN 1376 --- [mediscreen.practitioner-notes] [restartedMain] o.s.b.d.a.OptionalLiveReloadServer       : Unable to start LiveReload server
2025-08-20T13:53:57.834-04:00  INFO 1376 --- [mediscreen.practitioner-notes] [restartedMain] o.s.b.a.e.web.EndpointLinksResolver      : Exposing 14 endpoints beneath base path '/actuator'
2025-08-20T13:53:57.846-04:00  INFO 1376 --- [mediscreen.practitioner-notes] [restartedMain] o.s.b.w.embedded.tomcat.TomcatWebServer  : Tomcat started on port 9095 (http) with context path '/'
2025-08-20T13:53:57.853-04:00  INFO 1376 --- [mediscreen.practitioner-notes] [restartedMain] c.m.practitioner_notes.Application       : Started Application in 0.524 seconds (process running for 563027.057)
2025-08-20T13:53:57.855-04:00  INFO 1376 --- [mediscreen.practitioner-notes] [restartedMain] .ConditionEvaluationDeltaLoggingListener : Condition evaluation unchanged
2025-08-20T14:06:15.913-04:00  INFO 1376 --- [mediscreen.practitioner-notes] [File Watcher] rtingClassPathChangeChangedEventListener : Restarting due to 1 class path change (0 additions, 0 deletions, 1 modification)
2025-08-20T14:06:15.915-04:00  INFO 1376 --- [mediscreen.practitioner-notes] [Thread-43] o.s.b.w.e.tomcat.GracefulShutdown        : Commencing graceful shutdown. Waiting for active requests to complete
2025-08-20T14:06:16.138-04:00  INFO 1376 --- [mediscreen.practitioner-notes] [tomcat-shutdown] o.s.b.w.e.tomcat.GracefulShutdown        : Graceful shutdown complete
